# --------------------------------------------------- // System
pipewire                                               # audio/video server
pipewire-alsa                                          # pipewire alsa client
pipewire-audio                                         # pipewire audio client
pipewire-jack                                          # pipewire jack client
pipewire-pulse                                         # pipewire pulseaudio client
gst-plugin-pipewire                                    # pipewire gstreamer client
wireplumber                                            # pipewire session manager
pavucontrol                                            # pulseaudio volume control
pamixer                                                # pulseaudio cli mixer
networkmanager                                         # network manager
network-manager-applet                                 # network manager system tray utility
bluez                                                  # bluetooth protocol stack
bluez-utils                                            # bluetooth utility cli
blueman                                                # bluetooth manager gui
brightnessctl                                          # screen brightness control
udiskie                                                # manage removable media
fish

# --------------------------------------------------- // Display Manager
sddm                                                   # display manager for KDE plasma
qt5-quickcontrols                                      # for sddm theme ui elements
qt5-quickcontrols2                                     # for sddm theme ui elements
qt5-graphicaleffects                                   # for sddm theme effects

# --------------------------------------------------- // Window Manager
hyprland                                               # wlroots-based wayland compositor
dunst                                                  # notification daemon
rofi-wayland                                           # application launcher
waybar                                                 # system bar
swww                                                   # wallpaper
hyprlock                                               # lock screen
wlogout                                                # logout menu
# grimblast-git                                        # screenshot tool # DEPRECATED! We will ship our own version to avoid breaking changes
grim                                                   # screenshot tool
hyprpicker                                             # color picker
slurp                                                  # region select for screenshot/screenshare
satty                                                  # Modern Screenshot Annotation
cliphist                                               # clipboard manager
hyprsunset                                             # blue light filter

# --------------------------------------------------- // Dependencies
polkit-gnome                                           # authentication agent
xdg-desktop-portal-hyprland                            # xdg desktop portal for hyprland
pacman-contrib                                         # for system update check
python-pyamdgpuinfo                                    # for amd gpu info
parallel                                               # for parallel processing
jq                                                     # for json processing
imagemagick                                            # for image processing
qt5-imageformats                                       # for dolphin image thumbnails
ffmpegthumbs                                           # for dolphin video thumbnails
kde-cli-tools                                          # for dolphin file type defaults
libnotify                                              # for notifications
noto-fonts-emoji                                       # emoji font

# --------------------------------------------------- // Theming
nwg-look                                               # gtk configuration tool
qt5ct                                                  # qt5 configuration tool
qt6ct                                                  # qt6 configuration tool
kvantum                                                # svg based qt6 theme engine
kvantum-qt5                                            # svg based qt5 theme engine
qt5-wayland                                            # wayland support in qt5
qt6-wayland                                            # wayland support in qt6

# --------------------------------------------------- // Applications
#firefox                                                # browser
kitty                                                  # terminal
dolphin                                                # kde file manager
ark                                                    # kde file archiver
unzip                                                  # extracting zip files
vim                                                    # terminal text editor
#code                                                   # ide text editor
nwg-displays                                           # monitor management utility

# --------------------------------------------------- // Shell
eza|fish                                               # file lister for fish
starship|fish                                          # customizable shell prompt
fastfetch                                              # system information fetch tool

# --------------------------------------------------- // HyDE
# hyde-cli-git                                           # cli tool to manage hyde \\ Deprecated for HyDE
hypridle                                               # idle daemon


# General
nextcloud
floorp-bin
bind
dosfstools
etcher-bin
gnome-calculator
gwenview
## hoppscotch-app-bin
imagemagick
jq
man-db
mpv
vlc
## fastfetch
openresolv
p7zip
pandoc-bin
## pavucontrol
pdftk
rsync
usbmuxd
# v4l2loopback-utils
virt-manager
wev
yt-dlp
#nerd-fonts

# Dev
maven
jdk-openjdk
bun-bin
chromium
docker
docker-compose

# Nvidia
lib32-nvidia-utils
lib32-opencl-nvidia
libva-nvidia-driver
nvidia-dkms
nvidia-utils
nvidia-settings
nvtop
opencl-nvidia



# Portals & XDG Stuff
archlinux-xdg-menu
## xdg-desktop-portal-gtk
## xdg-desktop-portal-hyprland
xdg-user-dirs

# Dolphin
dolphin-plugins
kdegraphics-thumbnailers
kimageformats
libheif
qt6-imageformats
resvg
kio
kio-extras
kio-gdrive
ffmpegthumbs
taglib

# KWallet
kwallet
kwalletmanager
kwallet-pam
ksshaskpass
audiocd-kio

# Compilation
base-devel
linux-headers

# Gaming
steam
gamemode
lutris
vkd3d
lib32-vkd3d
vulkan-tools



### EXTRA


# --------------------------------------------------- // System
# downgrade                                            # downgrade packages
# trash-cli-git                                        # cli to manage trash files
# libinput-gestures                                    # actions touchpad gestures using libinput
# gestures                                             # gui for libinput-gestures
wttrbar                                                # for weather
python-requests|wttrbar                                # script dependency
ddcui                                                  # GUI to control brightness for external monitors
# hyprgui-bin                                          # GUI for hyprland configuration // might mess your userprefs but convenient // Just disappeared
# swappy                                               # screenshot editor, DEPRECATED in favor for satty

# --------------------------------------------------- // Misc
xdg-desktop-portal-gtk                                 # xdg desktop portal using gtk
# emote                                                # emoji picker gtk3

# --------------------------------------------------- // Gaming
steam                                                  # gaming platform
gamemode                                               # daemon and library for game optimizations
mangohud                                               # system performance overlay
# gamescope                                            # micro-compositor for gaming
# lutris                                               # Lutris is an open source gaming platform for Linux

# --------------------------------------------------- // Music
cava                                                   # audio visualizer

# --------------------------------------------------- // Apps
# neovim                                               # vim based text editor

# --------------------------------------------------- // Editor
vscodium                                              # Full oss text editor
vscodium-bin-marketplace                              # VSCodium marketplace
vscodium-bin-features
# code-marketplace|code                                 # Code-Oss marketplace
# visual-studio-code-bin                                # MS  text editor

# --------------------------------------------------- // Backends
#electron                                              # electron backend

# --------------------------------------------------- // Lockscreen
#swaylock-effects-git                                   # swaylock with effects // very minimal lockscreen

# --------------------------------------------------- // OSD
swayosd-git                                             #A GTK based on screen display for keyboard shortcuts like caps-lock and volume
